D:\sourcesdk\pathos-publicMythicLegendInteractive\pathos\sources\codesrc\libs\sdl2.0\VisualC\SDL\x64\Release\cl.command.1.tlog
D:\sourcesdk\pathos-publicMythicLegendInteractive\pathos\sources\codesrc\libs\sdl2.0\VisualC\SDL\x64\Release\CL.read.1.tlog
D:\sourcesdk\pathos-publicMythicLegendInteractive\pathos\sources\codesrc\libs\sdl2.0\VisualC\SDL\x64\Release\CL.write.1.tlog
D:\SOURCESDK\PATHOS-PUBLICMYTHICLEGENDINTERACTIVE\PATHOS\SOURCES\CODESRC\LIBS\SDL2.0\VISUALC\SDL\X64\RELEASE\E_ATAN2.OBJ
D:\SOURCESDK\PATHOS-PUBLICMYTHICLEGENDINTERACTIVE\PATHOS\SOURCES\CODESRC\LIBS\SDL2.0\VISUALC\SDL\X64\RELEASE\E_EXP.OBJ
D:\SOURCESDK\PATHOS-PUBLICMYTHICLEGENDINTERACTIVE\PATHOS\SOURCES\CODESRC\LIBS\SDL2.0\VISUALC\SDL\X64\RELEASE\E_FMOD.OBJ
D:\SOURCESDK\PATHOS-PUBLICMYTHICLEGENDINTERACTIVE\PATHOS\SOURCES\CODESRC\LIBS\SDL2.0\VISUALC\SDL\X64\RELEASE\E_LOG.OBJ
D:\SOURCESDK\PATHOS-PUBLICMYTHICLEGENDINTERACTIVE\PATHOS\SOURCES\CODESRC\LIBS\SDL2.0\VISUALC\SDL\X64\RELEASE\E_LOG10.OBJ
D:\SOURCESDK\PATHOS-PUBLICMYTHICLEGENDINTERACTIVE\PATHOS\SOURCES\CODESRC\LIBS\SDL2.0\VISUALC\SDL\X64\RELEASE\E_POW.OBJ
D:\SOURCESDK\PATHOS-PUBLICMYTHICLEGENDINTERACTIVE\PATHOS\SOURCES\CODESRC\LIBS\SDL2.0\VISUALC\SDL\X64\RELEASE\E_REM_PIO2.OBJ
D:\SOURCESDK\PATHOS-PUBLICMYTHICLEGENDINTERACTIVE\PATHOS\SOURCES\CODESRC\LIBS\SDL2.0\VISUALC\SDL\X64\RELEASE\E_SQRT.OBJ
D:\SOURCESDK\PATHOS-PUBLICMYTHICLEGENDINTERACTIVE\PATHOS\SOURCES\CODESRC\LIBS\SDL2.0\VISUALC\SDL\X64\RELEASE\HID.OBJ
D:\SOURCESDK\PATHOS-PUBLICMYTHICLEGENDINTERACTIVE\PATHOS\SOURCES\CODESRC\LIBS\SDL2.0\VISUALC\SDL\X64\RELEASE\K_COS.OBJ
D:\SOURCESDK\PATHOS-PUBLICMYTHICLEGENDINTERACTIVE\PATHOS\SOURCES\CODESRC\LIBS\SDL2.0\VISUALC\SDL\X64\RELEASE\K_REM_PIO2.OBJ
D:\SOURCESDK\PATHOS-PUBLICMYTHICLEGENDINTERACTIVE\PATHOS\SOURCES\CODESRC\LIBS\SDL2.0\VISUALC\SDL\X64\RELEASE\K_SIN.OBJ
D:\SOURCESDK\PATHOS-PUBLICMYTHICLEGENDINTERACTIVE\PATHOS\SOURCES\CODESRC\LIBS\SDL2.0\VISUALC\SDL\X64\RELEASE\K_TAN.OBJ
D:\sourcesdk\pathos-publicMythicLegendInteractive\pathos\sources\codesrc\libs\sdl2.0\VisualC\SDL\x64\Release\link.command.1.tlog
D:\sourcesdk\pathos-publicMythicLegendInteractive\pathos\sources\codesrc\libs\sdl2.0\VisualC\SDL\x64\Release\link.read.1.tlog
D:\sourcesdk\pathos-publicMythicLegendInteractive\pathos\sources\codesrc\libs\sdl2.0\VisualC\SDL\x64\Release\link.write.1.tlog
D:\sourcesdk\pathos-publicMythicLegendInteractive\pathos\sources\codesrc\libs\sdl2.0\VisualC\SDL\x64\Release\link-cvtres.read.1.tlog
D:\sourcesdk\pathos-publicMythicLegendInteractive\pathos\sources\codesrc\libs\sdl2.0\VisualC\SDL\x64\Release\link-cvtres.write.1.tlog
D:\sourcesdk\pathos-publicMythicLegendInteractive\pathos\sources\codesrc\libs\sdl2.0\VisualC\SDL\x64\Release\mt.command.1.tlog
D:\sourcesdk\pathos-publicMythicLegendInteractive\pathos\sources\codesrc\libs\sdl2.0\VisualC\SDL\x64\Release\mt.read.1.tlog
D:\sourcesdk\pathos-publicMythicLegendInteractive\pathos\sources\codesrc\libs\sdl2.0\VisualC\SDL\x64\Release\mt.write.1.tlog
D:\sourcesdk\pathos-publicMythicLegendInteractive\pathos\sources\codesrc\libs\sdl2.0\VisualC\SDL\x64\Release\rc.command.1.tlog
D:\sourcesdk\pathos-publicMythicLegendInteractive\pathos\sources\codesrc\libs\sdl2.0\VisualC\SDL\x64\Release\rc.read.1.tlog
D:\sourcesdk\pathos-publicMythicLegendInteractive\pathos\sources\codesrc\libs\sdl2.0\VisualC\SDL\x64\Release\rc.write.1.tlog
D:\SOURCESDK\PATHOS-PUBLICMYTHICLEGENDINTERACTIVE\PATHOS\SOURCES\CODESRC\LIBS\SDL2.0\VISUALC\SDL\X64\RELEASE\S_ATAN.OBJ
D:\SOURCESDK\PATHOS-PUBLICMYTHICLEGENDINTERACTIVE\PATHOS\SOURCES\CODESRC\LIBS\SDL2.0\VISUALC\SDL\X64\RELEASE\S_COPYSIGN.OBJ
D:\SOURCESDK\PATHOS-PUBLICMYTHICLEGENDINTERACTIVE\PATHOS\SOURCES\CODESRC\LIBS\SDL2.0\VISUALC\SDL\X64\RELEASE\S_COS.OBJ
D:\SOURCESDK\PATHOS-PUBLICMYTHICLEGENDINTERACTIVE\PATHOS\SOURCES\CODESRC\LIBS\SDL2.0\VISUALC\SDL\X64\RELEASE\S_FABS.OBJ
D:\SOURCESDK\PATHOS-PUBLICMYTHICLEGENDINTERACTIVE\PATHOS\SOURCES\CODESRC\LIBS\SDL2.0\VISUALC\SDL\X64\RELEASE\S_FLOOR.OBJ
D:\SOURCESDK\PATHOS-PUBLICMYTHICLEGENDINTERACTIVE\PATHOS\SOURCES\CODESRC\LIBS\SDL2.0\VISUALC\SDL\X64\RELEASE\S_SCALBN.OBJ
D:\SOURCESDK\PATHOS-PUBLICMYTHICLEGENDINTERACTIVE\PATHOS\SOURCES\CODESRC\LIBS\SDL2.0\VISUALC\SDL\X64\RELEASE\S_SIN.OBJ
D:\SOURCESDK\PATHOS-PUBLICMYTHICLEGENDINTERACTIVE\PATHOS\SOURCES\CODESRC\LIBS\SDL2.0\VISUALC\SDL\X64\RELEASE\S_TAN.OBJ
D:\SOURCESDK\PATHOS-PUBLICMYTHICLEGENDINTERACTIVE\PATHOS\SOURCES\CODESRC\LIBS\SDL2.0\VISUALC\SDL\X64\RELEASE\SDL.OBJ
D:\SOURCESDK\PATHOS-PUBLICMYTHICLEGENDINTERACTIVE\PATHOS\SOURCES\CODESRC\LIBS\SDL2.0\VISUALC\SDL\X64\RELEASE\SDL_ASSERT.OBJ
D:\SOURCESDK\PATHOS-PUBLICMYTHICLEGENDINTERACTIVE\PATHOS\SOURCES\CODESRC\LIBS\SDL2.0\VISUALC\SDL\X64\RELEASE\SDL_ATOMIC.OBJ
D:\SOURCESDK\PATHOS-PUBLICMYTHICLEGENDINTERACTIVE\PATHOS\SOURCES\CODESRC\LIBS\SDL2.0\VISUALC\SDL\X64\RELEASE\SDL_AUDIO.OBJ
D:\SOURCESDK\PATHOS-PUBLICMYTHICLEGENDINTERACTIVE\PATHOS\SOURCES\CODESRC\LIBS\SDL2.0\VISUALC\SDL\X64\RELEASE\SDL_AUDIOCVT.OBJ
D:\SOURCESDK\PATHOS-PUBLICMYTHICLEGENDINTERACTIVE\PATHOS\SOURCES\CODESRC\LIBS\SDL2.0\VISUALC\SDL\X64\RELEASE\SDL_AUDIODEV.OBJ
D:\SOURCESDK\PATHOS-PUBLICMYTHICLEGENDINTERACTIVE\PATHOS\SOURCES\CODESRC\LIBS\SDL2.0\VISUALC\SDL\X64\RELEASE\SDL_AUDIOTYPECVT.OBJ
D:\SOURCESDK\PATHOS-PUBLICMYTHICLEGENDINTERACTIVE\PATHOS\SOURCES\CODESRC\LIBS\SDL2.0\VISUALC\SDL\X64\RELEASE\SDL_BLENDFILLRECT.OBJ
D:\SOURCESDK\PATHOS-PUBLICMYTHICLEGENDINTERACTIVE\PATHOS\SOURCES\CODESRC\LIBS\SDL2.0\VISUALC\SDL\X64\RELEASE\SDL_BLENDLINE.OBJ
D:\SOURCESDK\PATHOS-PUBLICMYTHICLEGENDINTERACTIVE\PATHOS\SOURCES\CODESRC\LIBS\SDL2.0\VISUALC\SDL\X64\RELEASE\SDL_BLENDPOINT.OBJ
D:\SOURCESDK\PATHOS-PUBLICMYTHICLEGENDINTERACTIVE\PATHOS\SOURCES\CODESRC\LIBS\SDL2.0\VISUALC\SDL\X64\RELEASE\SDL_BLIT.OBJ
D:\SOURCESDK\PATHOS-PUBLICMYTHICLEGENDINTERACTIVE\PATHOS\SOURCES\CODESRC\LIBS\SDL2.0\VISUALC\SDL\X64\RELEASE\SDL_BLIT_0.OBJ
D:\SOURCESDK\PATHOS-PUBLICMYTHICLEGENDINTERACTIVE\PATHOS\SOURCES\CODESRC\LIBS\SDL2.0\VISUALC\SDL\X64\RELEASE\SDL_BLIT_1.OBJ
D:\SOURCESDK\PATHOS-PUBLICMYTHICLEGENDINTERACTIVE\PATHOS\SOURCES\CODESRC\LIBS\SDL2.0\VISUALC\SDL\X64\RELEASE\SDL_BLIT_A.OBJ
D:\SOURCESDK\PATHOS-PUBLICMYTHICLEGENDINTERACTIVE\PATHOS\SOURCES\CODESRC\LIBS\SDL2.0\VISUALC\SDL\X64\RELEASE\SDL_BLIT_AUTO.OBJ
D:\SOURCESDK\PATHOS-PUBLICMYTHICLEGENDINTERACTIVE\PATHOS\SOURCES\CODESRC\LIBS\SDL2.0\VISUALC\SDL\X64\RELEASE\SDL_BLIT_COPY.OBJ
D:\SOURCESDK\PATHOS-PUBLICMYTHICLEGENDINTERACTIVE\PATHOS\SOURCES\CODESRC\LIBS\SDL2.0\VISUALC\SDL\X64\RELEASE\SDL_BLIT_N.OBJ
D:\SOURCESDK\PATHOS-PUBLICMYTHICLEGENDINTERACTIVE\PATHOS\SOURCES\CODESRC\LIBS\SDL2.0\VISUALC\SDL\X64\RELEASE\SDL_BLIT_SLOW.OBJ
D:\SOURCESDK\PATHOS-PUBLICMYTHICLEGENDINTERACTIVE\PATHOS\SOURCES\CODESRC\LIBS\SDL2.0\VISUALC\SDL\X64\RELEASE\SDL_BMP.OBJ
D:\SOURCESDK\PATHOS-PUBLICMYTHICLEGENDINTERACTIVE\PATHOS\SOURCES\CODESRC\LIBS\SDL2.0\VISUALC\SDL\X64\RELEASE\SDL_CLIPBOARD.OBJ
D:\SOURCESDK\PATHOS-PUBLICMYTHICLEGENDINTERACTIVE\PATHOS\SOURCES\CODESRC\LIBS\SDL2.0\VISUALC\SDL\X64\RELEASE\SDL_CLIPBOARDEVENTS.OBJ
D:\SOURCESDK\PATHOS-PUBLICMYTHICLEGENDINTERACTIVE\PATHOS\SOURCES\CODESRC\LIBS\SDL2.0\VISUALC\SDL\X64\RELEASE\SDL_CPUINFO.OBJ
D:\SOURCESDK\PATHOS-PUBLICMYTHICLEGENDINTERACTIVE\PATHOS\SOURCES\CODESRC\LIBS\SDL2.0\VISUALC\SDL\X64\RELEASE\SDL_D3DMATH.OBJ
D:\SOURCESDK\PATHOS-PUBLICMYTHICLEGENDINTERACTIVE\PATHOS\SOURCES\CODESRC\LIBS\SDL2.0\VISUALC\SDL\X64\RELEASE\SDL_DATAQUEUE.OBJ
D:\SOURCESDK\PATHOS-PUBLICMYTHICLEGENDINTERACTIVE\PATHOS\SOURCES\CODESRC\LIBS\SDL2.0\VISUALC\SDL\X64\RELEASE\SDL_DINPUTHAPTIC.OBJ
D:\SOURCESDK\PATHOS-PUBLICMYTHICLEGENDINTERACTIVE\PATHOS\SOURCES\CODESRC\LIBS\SDL2.0\VISUALC\SDL\X64\RELEASE\SDL_DINPUTJOYSTICK.OBJ
D:\SOURCESDK\PATHOS-PUBLICMYTHICLEGENDINTERACTIVE\PATHOS\SOURCES\CODESRC\LIBS\SDL2.0\VISUALC\SDL\X64\RELEASE\SDL_DIRECTSOUND.OBJ
D:\SOURCESDK\PATHOS-PUBLICMYTHICLEGENDINTERACTIVE\PATHOS\SOURCES\CODESRC\LIBS\SDL2.0\VISUALC\SDL\X64\RELEASE\SDL_DISKAUDIO.OBJ
D:\SOURCESDK\PATHOS-PUBLICMYTHICLEGENDINTERACTIVE\PATHOS\SOURCES\CODESRC\LIBS\SDL2.0\VISUALC\SDL\X64\RELEASE\SDL_DISPLAYEVENTS.OBJ
D:\SOURCESDK\PATHOS-PUBLICMYTHICLEGENDINTERACTIVE\PATHOS\SOURCES\CODESRC\LIBS\SDL2.0\VISUALC\SDL\X64\RELEASE\SDL_DRAWLINE.OBJ
D:\SOURCESDK\PATHOS-PUBLICMYTHICLEGENDINTERACTIVE\PATHOS\SOURCES\CODESRC\LIBS\SDL2.0\VISUALC\SDL\X64\RELEASE\SDL_DRAWPOINT.OBJ
D:\SOURCESDK\PATHOS-PUBLICMYTHICLEGENDINTERACTIVE\PATHOS\SOURCES\CODESRC\LIBS\SDL2.0\VISUALC\SDL\X64\RELEASE\SDL_DROPEVENTS.OBJ
D:\SOURCESDK\PATHOS-PUBLICMYTHICLEGENDINTERACTIVE\PATHOS\SOURCES\CODESRC\LIBS\SDL2.0\VISUALC\SDL\X64\RELEASE\SDL_DUMMYAUDIO.OBJ
D:\SOURCESDK\PATHOS-PUBLICMYTHICLEGENDINTERACTIVE\PATHOS\SOURCES\CODESRC\LIBS\SDL2.0\VISUALC\SDL\X64\RELEASE\SDL_DUMMYSENSOR.OBJ
D:\SOURCESDK\PATHOS-PUBLICMYTHICLEGENDINTERACTIVE\PATHOS\SOURCES\CODESRC\LIBS\SDL2.0\VISUALC\SDL\X64\RELEASE\SDL_DYNAPI.OBJ
D:\SOURCESDK\PATHOS-PUBLICMYTHICLEGENDINTERACTIVE\PATHOS\SOURCES\CODESRC\LIBS\SDL2.0\VISUALC\SDL\X64\RELEASE\SDL_EGL.OBJ
D:\SOURCESDK\PATHOS-PUBLICMYTHICLEGENDINTERACTIVE\PATHOS\SOURCES\CODESRC\LIBS\SDL2.0\VISUALC\SDL\X64\RELEASE\SDL_ERROR.OBJ
D:\SOURCESDK\PATHOS-PUBLICMYTHICLEGENDINTERACTIVE\PATHOS\SOURCES\CODESRC\LIBS\SDL2.0\VISUALC\SDL\X64\RELEASE\SDL_EVENTS.OBJ
D:\SOURCESDK\PATHOS-PUBLICMYTHICLEGENDINTERACTIVE\PATHOS\SOURCES\CODESRC\LIBS\SDL2.0\VISUALC\SDL\X64\RELEASE\SDL_FILLRECT.OBJ
D:\SOURCESDK\PATHOS-PUBLICMYTHICLEGENDINTERACTIVE\PATHOS\SOURCES\CODESRC\LIBS\SDL2.0\VISUALC\SDL\X64\RELEASE\SDL_GAMECONTROLLER.OBJ
D:\SOURCESDK\PATHOS-PUBLICMYTHICLEGENDINTERACTIVE\PATHOS\SOURCES\CODESRC\LIBS\SDL2.0\VISUALC\SDL\X64\RELEASE\SDL_GESTURE.OBJ
D:\SOURCESDK\PATHOS-PUBLICMYTHICLEGENDINTERACTIVE\PATHOS\SOURCES\CODESRC\LIBS\SDL2.0\VISUALC\SDL\X64\RELEASE\SDL_GETENV.OBJ
D:\SOURCESDK\PATHOS-PUBLICMYTHICLEGENDINTERACTIVE\PATHOS\SOURCES\CODESRC\LIBS\SDL2.0\VISUALC\SDL\X64\RELEASE\SDL_HAPTIC.OBJ
D:\SOURCESDK\PATHOS-PUBLICMYTHICLEGENDINTERACTIVE\PATHOS\SOURCES\CODESRC\LIBS\SDL2.0\VISUALC\SDL\X64\RELEASE\SDL_HIDAPI_PS4.OBJ
D:\SOURCESDK\PATHOS-PUBLICMYTHICLEGENDINTERACTIVE\PATHOS\SOURCES\CODESRC\LIBS\SDL2.0\VISUALC\SDL\X64\RELEASE\SDL_HIDAPI_SWITCH.OBJ
D:\SOURCESDK\PATHOS-PUBLICMYTHICLEGENDINTERACTIVE\PATHOS\SOURCES\CODESRC\LIBS\SDL2.0\VISUALC\SDL\X64\RELEASE\SDL_HIDAPI_XBOX360.OBJ
D:\SOURCESDK\PATHOS-PUBLICMYTHICLEGENDINTERACTIVE\PATHOS\SOURCES\CODESRC\LIBS\SDL2.0\VISUALC\SDL\X64\RELEASE\SDL_HIDAPI_XBOXONE.OBJ
D:\SOURCESDK\PATHOS-PUBLICMYTHICLEGENDINTERACTIVE\PATHOS\SOURCES\CODESRC\LIBS\SDL2.0\VISUALC\SDL\X64\RELEASE\SDL_HIDAPIJOYSTICK.OBJ
D:\SOURCESDK\PATHOS-PUBLICMYTHICLEGENDINTERACTIVE\PATHOS\SOURCES\CODESRC\LIBS\SDL2.0\VISUALC\SDL\X64\RELEASE\SDL_HINTS.OBJ
D:\SOURCESDK\PATHOS-PUBLICMYTHICLEGENDINTERACTIVE\PATHOS\SOURCES\CODESRC\LIBS\SDL2.0\VISUALC\SDL\X64\RELEASE\SDL_ICONV.OBJ
D:\SOURCESDK\PATHOS-PUBLICMYTHICLEGENDINTERACTIVE\PATHOS\SOURCES\CODESRC\LIBS\SDL2.0\VISUALC\SDL\X64\RELEASE\SDL_JOYSTICK.OBJ
D:\SOURCESDK\PATHOS-PUBLICMYTHICLEGENDINTERACTIVE\PATHOS\SOURCES\CODESRC\LIBS\SDL2.0\VISUALC\SDL\X64\RELEASE\SDL_KEYBOARD.OBJ
D:\SOURCESDK\PATHOS-PUBLICMYTHICLEGENDINTERACTIVE\PATHOS\SOURCES\CODESRC\LIBS\SDL2.0\VISUALC\SDL\X64\RELEASE\SDL_LOG.OBJ
D:\SOURCESDK\PATHOS-PUBLICMYTHICLEGENDINTERACTIVE\PATHOS\SOURCES\CODESRC\LIBS\SDL2.0\VISUALC\SDL\X64\RELEASE\SDL_MALLOC.OBJ
D:\SOURCESDK\PATHOS-PUBLICMYTHICLEGENDINTERACTIVE\PATHOS\SOURCES\CODESRC\LIBS\SDL2.0\VISUALC\SDL\X64\RELEASE\SDL_MIXER.OBJ
D:\SOURCESDK\PATHOS-PUBLICMYTHICLEGENDINTERACTIVE\PATHOS\SOURCES\CODESRC\LIBS\SDL2.0\VISUALC\SDL\X64\RELEASE\SDL_MMJOYSTICK.OBJ
D:\SOURCESDK\PATHOS-PUBLICMYTHICLEGENDINTERACTIVE\PATHOS\SOURCES\CODESRC\LIBS\SDL2.0\VISUALC\SDL\X64\RELEASE\SDL_MOUSE.OBJ
D:\SOURCESDK\PATHOS-PUBLICMYTHICLEGENDINTERACTIVE\PATHOS\SOURCES\CODESRC\LIBS\SDL2.0\VISUALC\SDL\X64\RELEASE\SDL_NULLEVENTS.OBJ
D:\SOURCESDK\PATHOS-PUBLICMYTHICLEGENDINTERACTIVE\PATHOS\SOURCES\CODESRC\LIBS\SDL2.0\VISUALC\SDL\X64\RELEASE\SDL_NULLFRAMEBUFFER.OBJ
D:\SOURCESDK\PATHOS-PUBLICMYTHICLEGENDINTERACTIVE\PATHOS\SOURCES\CODESRC\LIBS\SDL2.0\VISUALC\SDL\X64\RELEASE\SDL_NULLVIDEO.OBJ
D:\SOURCESDK\PATHOS-PUBLICMYTHICLEGENDINTERACTIVE\PATHOS\SOURCES\CODESRC\LIBS\SDL2.0\VISUALC\SDL\X64\RELEASE\SDL_PIXELS.OBJ
D:\SOURCESDK\PATHOS-PUBLICMYTHICLEGENDINTERACTIVE\PATHOS\SOURCES\CODESRC\LIBS\SDL2.0\VISUALC\SDL\X64\RELEASE\SDL_POWER.OBJ
D:\SOURCESDK\PATHOS-PUBLICMYTHICLEGENDINTERACTIVE\PATHOS\SOURCES\CODESRC\LIBS\SDL2.0\VISUALC\SDL\X64\RELEASE\SDL_QSORT.OBJ
D:\SOURCESDK\PATHOS-PUBLICMYTHICLEGENDINTERACTIVE\PATHOS\SOURCES\CODESRC\LIBS\SDL2.0\VISUALC\SDL\X64\RELEASE\SDL_QUIT.OBJ
D:\SOURCESDK\PATHOS-PUBLICMYTHICLEGENDINTERACTIVE\PATHOS\SOURCES\CODESRC\LIBS\SDL2.0\VISUALC\SDL\X64\RELEASE\SDL_RECT.OBJ
D:\SOURCESDK\PATHOS-PUBLICMYTHICLEGENDINTERACTIVE\PATHOS\SOURCES\CODESRC\LIBS\SDL2.0\VISUALC\SDL\X64\RELEASE\SDL_RENDER.OBJ
D:\SOURCESDK\PATHOS-PUBLICMYTHICLEGENDINTERACTIVE\PATHOS\SOURCES\CODESRC\LIBS\SDL2.0\VISUALC\SDL\X64\RELEASE\SDL_RENDER_D3D.OBJ
D:\SOURCESDK\PATHOS-PUBLICMYTHICLEGENDINTERACTIVE\PATHOS\SOURCES\CODESRC\LIBS\SDL2.0\VISUALC\SDL\X64\RELEASE\SDL_RENDER_D3D11.OBJ
D:\SOURCESDK\PATHOS-PUBLICMYTHICLEGENDINTERACTIVE\PATHOS\SOURCES\CODESRC\LIBS\SDL2.0\VISUALC\SDL\X64\RELEASE\SDL_RENDER_GL.OBJ
D:\SOURCESDK\PATHOS-PUBLICMYTHICLEGENDINTERACTIVE\PATHOS\SOURCES\CODESRC\LIBS\SDL2.0\VISUALC\SDL\X64\RELEASE\SDL_RENDER_GLES2.OBJ
D:\SOURCESDK\PATHOS-PUBLICMYTHICLEGENDINTERACTIVE\PATHOS\SOURCES\CODESRC\LIBS\SDL2.0\VISUALC\SDL\X64\RELEASE\SDL_RENDER_SW.OBJ
D:\SOURCESDK\PATHOS-PUBLICMYTHICLEGENDINTERACTIVE\PATHOS\SOURCES\CODESRC\LIBS\SDL2.0\VISUALC\SDL\X64\RELEASE\SDL_RLEACCEL.OBJ
D:\SOURCESDK\PATHOS-PUBLICMYTHICLEGENDINTERACTIVE\PATHOS\SOURCES\CODESRC\LIBS\SDL2.0\VISUALC\SDL\X64\RELEASE\SDL_ROTATE.OBJ
D:\SOURCESDK\PATHOS-PUBLICMYTHICLEGENDINTERACTIVE\PATHOS\SOURCES\CODESRC\LIBS\SDL2.0\VISUALC\SDL\X64\RELEASE\SDL_RWOPS.OBJ
D:\SOURCESDK\PATHOS-PUBLICMYTHICLEGENDINTERACTIVE\PATHOS\SOURCES\CODESRC\LIBS\SDL2.0\VISUALC\SDL\X64\RELEASE\SDL_SENSOR.OBJ
D:\SOURCESDK\PATHOS-PUBLICMYTHICLEGENDINTERACTIVE\PATHOS\SOURCES\CODESRC\LIBS\SDL2.0\VISUALC\SDL\X64\RELEASE\SDL_SHADERS_D3D.OBJ
D:\SOURCESDK\PATHOS-PUBLICMYTHICLEGENDINTERACTIVE\PATHOS\SOURCES\CODESRC\LIBS\SDL2.0\VISUALC\SDL\X64\RELEASE\SDL_SHADERS_D3D11.OBJ
D:\SOURCESDK\PATHOS-PUBLICMYTHICLEGENDINTERACTIVE\PATHOS\SOURCES\CODESRC\LIBS\SDL2.0\VISUALC\SDL\X64\RELEASE\SDL_SHADERS_GL.OBJ
D:\SOURCESDK\PATHOS-PUBLICMYTHICLEGENDINTERACTIVE\PATHOS\SOURCES\CODESRC\LIBS\SDL2.0\VISUALC\SDL\X64\RELEASE\SDL_SHADERS_GLES2.OBJ
D:\SOURCESDK\PATHOS-PUBLICMYTHICLEGENDINTERACTIVE\PATHOS\SOURCES\CODESRC\LIBS\SDL2.0\VISUALC\SDL\X64\RELEASE\SDL_SHAPE.OBJ
D:\SOURCESDK\PATHOS-PUBLICMYTHICLEGENDINTERACTIVE\PATHOS\SOURCES\CODESRC\LIBS\SDL2.0\VISUALC\SDL\X64\RELEASE\SDL_SPINLOCK.OBJ
D:\SOURCESDK\PATHOS-PUBLICMYTHICLEGENDINTERACTIVE\PATHOS\SOURCES\CODESRC\LIBS\SDL2.0\VISUALC\SDL\X64\RELEASE\SDL_STDLIB.OBJ
D:\SOURCESDK\PATHOS-PUBLICMYTHICLEGENDINTERACTIVE\PATHOS\SOURCES\CODESRC\LIBS\SDL2.0\VISUALC\SDL\X64\RELEASE\SDL_STRETCH.OBJ
D:\SOURCESDK\PATHOS-PUBLICMYTHICLEGENDINTERACTIVE\PATHOS\SOURCES\CODESRC\LIBS\SDL2.0\VISUALC\SDL\X64\RELEASE\SDL_STRING.OBJ
D:\SOURCESDK\PATHOS-PUBLICMYTHICLEGENDINTERACTIVE\PATHOS\SOURCES\CODESRC\LIBS\SDL2.0\VISUALC\SDL\X64\RELEASE\SDL_SURFACE.OBJ
D:\SOURCESDK\PATHOS-PUBLICMYTHICLEGENDINTERACTIVE\PATHOS\SOURCES\CODESRC\LIBS\SDL2.0\VISUALC\SDL\X64\RELEASE\SDL_SYSCOND.OBJ
D:\SOURCESDK\PATHOS-PUBLICMYTHICLEGENDINTERACTIVE\PATHOS\SOURCES\CODESRC\LIBS\SDL2.0\VISUALC\SDL\X64\RELEASE\SDL_SYSFILESYSTEM.OBJ
D:\SOURCESDK\PATHOS-PUBLICMYTHICLEGENDINTERACTIVE\PATHOS\SOURCES\CODESRC\LIBS\SDL2.0\VISUALC\SDL\X64\RELEASE\SDL_SYSLOADSO.OBJ
D:\SOURCESDK\PATHOS-PUBLICMYTHICLEGENDINTERACTIVE\PATHOS\SOURCES\CODESRC\LIBS\SDL2.0\VISUALC\SDL\X64\RELEASE\SDL_SYSMUTEX.OBJ
D:\SOURCESDK\PATHOS-PUBLICMYTHICLEGENDINTERACTIVE\PATHOS\SOURCES\CODESRC\LIBS\SDL2.0\VISUALC\SDL\X64\RELEASE\SDL_SYSPOWER.OBJ
D:\SOURCESDK\PATHOS-PUBLICMYTHICLEGENDINTERACTIVE\PATHOS\SOURCES\CODESRC\LIBS\SDL2.0\VISUALC\SDL\X64\RELEASE\SDL_SYSSEM.OBJ
D:\SOURCESDK\PATHOS-PUBLICMYTHICLEGENDINTERACTIVE\PATHOS\SOURCES\CODESRC\LIBS\SDL2.0\VISUALC\SDL\X64\RELEASE\SDL_SYSTHREAD.OBJ
D:\SOURCESDK\PATHOS-PUBLICMYTHICLEGENDINTERACTIVE\PATHOS\SOURCES\CODESRC\LIBS\SDL2.0\VISUALC\SDL\X64\RELEASE\SDL_SYSTIMER.OBJ
D:\SOURCESDK\PATHOS-PUBLICMYTHICLEGENDINTERACTIVE\PATHOS\SOURCES\CODESRC\LIBS\SDL2.0\VISUALC\SDL\X64\RELEASE\SDL_SYSTLS.OBJ
D:\SOURCESDK\PATHOS-PUBLICMYTHICLEGENDINTERACTIVE\PATHOS\SOURCES\CODESRC\LIBS\SDL2.0\VISUALC\SDL\X64\RELEASE\SDL_THREAD.OBJ
D:\SOURCESDK\PATHOS-PUBLICMYTHICLEGENDINTERACTIVE\PATHOS\SOURCES\CODESRC\LIBS\SDL2.0\VISUALC\SDL\X64\RELEASE\SDL_TIMER.OBJ
D:\SOURCESDK\PATHOS-PUBLICMYTHICLEGENDINTERACTIVE\PATHOS\SOURCES\CODESRC\LIBS\SDL2.0\VISUALC\SDL\X64\RELEASE\SDL_TOUCH.OBJ
D:\SOURCESDK\PATHOS-PUBLICMYTHICLEGENDINTERACTIVE\PATHOS\SOURCES\CODESRC\LIBS\SDL2.0\VISUALC\SDL\X64\RELEASE\SDL_VIDEO.OBJ
D:\SOURCESDK\PATHOS-PUBLICMYTHICLEGENDINTERACTIVE\PATHOS\SOURCES\CODESRC\LIBS\SDL2.0\VISUALC\SDL\X64\RELEASE\SDL_VULKAN_UTILS.OBJ
D:\SOURCESDK\PATHOS-PUBLICMYTHICLEGENDINTERACTIVE\PATHOS\SOURCES\CODESRC\LIBS\SDL2.0\VISUALC\SDL\X64\RELEASE\SDL_WASAPI.OBJ
D:\SOURCESDK\PATHOS-PUBLICMYTHICLEGENDINTERACTIVE\PATHOS\SOURCES\CODESRC\LIBS\SDL2.0\VISUALC\SDL\X64\RELEASE\SDL_WASAPI_WIN32.OBJ
D:\SOURCESDK\PATHOS-PUBLICMYTHICLEGENDINTERACTIVE\PATHOS\SOURCES\CODESRC\LIBS\SDL2.0\VISUALC\SDL\X64\RELEASE\SDL_WAVE.OBJ
D:\SOURCESDK\PATHOS-PUBLICMYTHICLEGENDINTERACTIVE\PATHOS\SOURCES\CODESRC\LIBS\SDL2.0\VISUALC\SDL\X64\RELEASE\SDL_WINDOWEVENTS.OBJ
D:\SOURCESDK\PATHOS-PUBLICMYTHICLEGENDINTERACTIVE\PATHOS\SOURCES\CODESRC\LIBS\SDL2.0\VISUALC\SDL\X64\RELEASE\SDL_WINDOWS.OBJ
D:\SOURCESDK\PATHOS-PUBLICMYTHICLEGENDINTERACTIVE\PATHOS\SOURCES\CODESRC\LIBS\SDL2.0\VISUALC\SDL\X64\RELEASE\SDL_WINDOWSCLIPBOARD.OBJ
D:\SOURCESDK\PATHOS-PUBLICMYTHICLEGENDINTERACTIVE\PATHOS\SOURCES\CODESRC\LIBS\SDL2.0\VISUALC\SDL\X64\RELEASE\SDL_WINDOWSEVENTS.OBJ
D:\SOURCESDK\PATHOS-PUBLICMYTHICLEGENDINTERACTIVE\PATHOS\SOURCES\CODESRC\LIBS\SDL2.0\VISUALC\SDL\X64\RELEASE\SDL_WINDOWSFRAMEBUFFER.OBJ
D:\SOURCESDK\PATHOS-PUBLICMYTHICLEGENDINTERACTIVE\PATHOS\SOURCES\CODESRC\LIBS\SDL2.0\VISUALC\SDL\X64\RELEASE\SDL_WINDOWSHAPTIC.OBJ
D:\SOURCESDK\PATHOS-PUBLICMYTHICLEGENDINTERACTIVE\PATHOS\SOURCES\CODESRC\LIBS\SDL2.0\VISUALC\SDL\X64\RELEASE\SDL_WINDOWSJOYSTICK.OBJ
D:\SOURCESDK\PATHOS-PUBLICMYTHICLEGENDINTERACTIVE\PATHOS\SOURCES\CODESRC\LIBS\SDL2.0\VISUALC\SDL\X64\RELEASE\SDL_WINDOWSKEYBOARD.OBJ
D:\SOURCESDK\PATHOS-PUBLICMYTHICLEGENDINTERACTIVE\PATHOS\SOURCES\CODESRC\LIBS\SDL2.0\VISUALC\SDL\X64\RELEASE\SDL_WINDOWSMESSAGEBOX.OBJ
D:\SOURCESDK\PATHOS-PUBLICMYTHICLEGENDINTERACTIVE\PATHOS\SOURCES\CODESRC\LIBS\SDL2.0\VISUALC\SDL\X64\RELEASE\SDL_WINDOWSMODES.OBJ
D:\SOURCESDK\PATHOS-PUBLICMYTHICLEGENDINTERACTIVE\PATHOS\SOURCES\CODESRC\LIBS\SDL2.0\VISUALC\SDL\X64\RELEASE\SDL_WINDOWSMOUSE.OBJ
D:\SOURCESDK\PATHOS-PUBLICMYTHICLEGENDINTERACTIVE\PATHOS\SOURCES\CODESRC\LIBS\SDL2.0\VISUALC\SDL\X64\RELEASE\SDL_WINDOWSOPENGL.OBJ
D:\SOURCESDK\PATHOS-PUBLICMYTHICLEGENDINTERACTIVE\PATHOS\SOURCES\CODESRC\LIBS\SDL2.0\VISUALC\SDL\X64\RELEASE\SDL_WINDOWSOPENGLES.OBJ
D:\SOURCESDK\PATHOS-PUBLICMYTHICLEGENDINTERACTIVE\PATHOS\SOURCES\CODESRC\LIBS\SDL2.0\VISUALC\SDL\X64\RELEASE\SDL_WINDOWSSHAPE.OBJ
D:\SOURCESDK\PATHOS-PUBLICMYTHICLEGENDINTERACTIVE\PATHOS\SOURCES\CODESRC\LIBS\SDL2.0\VISUALC\SDL\X64\RELEASE\SDL_WINDOWSVIDEO.OBJ
D:\SOURCESDK\PATHOS-PUBLICMYTHICLEGENDINTERACTIVE\PATHOS\SOURCES\CODESRC\LIBS\SDL2.0\VISUALC\SDL\X64\RELEASE\SDL_WINDOWSVULKAN.OBJ
D:\SOURCESDK\PATHOS-PUBLICMYTHICLEGENDINTERACTIVE\PATHOS\SOURCES\CODESRC\LIBS\SDL2.0\VISUALC\SDL\X64\RELEASE\SDL_WINDOWSWINDOW.OBJ
D:\SOURCESDK\PATHOS-PUBLICMYTHICLEGENDINTERACTIVE\PATHOS\SOURCES\CODESRC\LIBS\SDL2.0\VISUALC\SDL\X64\RELEASE\SDL_WINMM.OBJ
D:\SOURCESDK\PATHOS-PUBLICMYTHICLEGENDINTERACTIVE\PATHOS\SOURCES\CODESRC\LIBS\SDL2.0\VISUALC\SDL\X64\RELEASE\SDL_XINPUT.OBJ
D:\SOURCESDK\PATHOS-PUBLICMYTHICLEGENDINTERACTIVE\PATHOS\SOURCES\CODESRC\LIBS\SDL2.0\VISUALC\SDL\X64\RELEASE\SDL_XINPUTHAPTIC.OBJ
D:\SOURCESDK\PATHOS-PUBLICMYTHICLEGENDINTERACTIVE\PATHOS\SOURCES\CODESRC\LIBS\SDL2.0\VISUALC\SDL\X64\RELEASE\SDL_XINPUTJOYSTICK.OBJ
D:\SOURCESDK\PATHOS-PUBLICMYTHICLEGENDINTERACTIVE\PATHOS\SOURCES\CODESRC\LIBS\SDL2.0\VISUALC\SDL\X64\RELEASE\SDL_YUV.OBJ
D:\SOURCESDK\PATHOS-PUBLICMYTHICLEGENDINTERACTIVE\PATHOS\SOURCES\CODESRC\LIBS\SDL2.0\VISUALC\SDL\X64\RELEASE\SDL_YUV_SW.OBJ
D:\SOURCESDK\PATHOS-PUBLICMYTHICLEGENDINTERACTIVE\PATHOS\SOURCES\CODESRC\LIBS\SDL2.0\VISUALC\SDL\X64\RELEASE\SDL2.DLL.INTERMEDIATE.MANIFEST
D:\sourcesdk\pathos-publicMythicLegendInteractive\pathos\sources\codesrc\libs\sdl2.0\VisualC\SDL\x64\Release\SDL2.write.1.tlog
D:\SOURCESDK\PATHOS-PUBLICMYTHICLEGENDINTERACTIVE\PATHOS\SOURCES\CODESRC\LIBS\SDL2.0\VISUALC\SDL\X64\RELEASE\VC100.PDB
D:\SOURCESDK\PATHOS-PUBLICMYTHICLEGENDINTERACTIVE\PATHOS\SOURCES\CODESRC\LIBS\SDL2.0\VISUALC\SDL\X64\RELEASE\VERSION.RES
D:\SOURCESDK\PATHOS-PUBLICMYTHICLEGENDINTERACTIVE\PATHOS\SOURCES\CODESRC\LIBS\SDL2.0\VISUALC\SDL\X64\RELEASE\YUV_RGB.OBJ
D:\SOURCESDK\PATHOS-PUBLICMYTHICLEGENDINTERACTIVE\PATHOS\SOURCES\CODESRC\X64\RELEASE\SDL2.DLL
D:\sourcesdk\pathos-publicMythicLegendInteractive\pathos\sources\codesrc\x64\Release\SDL2.exp
D:\sourcesdk\pathos-publicMythicLegendInteractive\pathos\sources\codesrc\x64\Release\SDL2.lib
D:\SOURCESDK\PATHOS-PUBLICMYTHICLEGENDINTERACTIVE\PATHOS\SOURCES\CODESRC\X64\RELEASE\SDL2.PDB
