  autofit.c
  ftdebug.c
  ftbitmap.c
  ftfstype.c
  ftgasp.c
  ftstroke.c
  ftbbox.c
  ftpfr.c
  ftsynth.c
  fttype1.c
  ftwinfnt.c
  ftxf86.c
  ftlcdfil.c
  ftgxval.c
  ftotval.c
  ftpatent.c
D:\sourcesdk\pathos-publicMythicLegendInteractive\pathos\sources\codesrc\libs\freetype\src\autofit\afglobal.c(179,34): warning C4389: '==': signed/unsigned mismatch
  (compiling source file '../../../src/autofit/autofit.c')
  
D:\sourcesdk\pathos-publicMythicLegendInteractive\pathos\sources\codesrc\libs\freetype\src\autofit\afglobal.c(141,32): warning C4245: 'initializing': conversion from 'int' to 'FT_UInt', signed/unsigned mismatch
  (compiling source file '../../../src/autofit/autofit.c')
  
D:\sourcesdk\pathos-publicMythicLegendInteractive\pathos\sources\codesrc\libs\freetype\src\autofit\afmodule.c(106,34): warning C4389: '==': signed/unsigned mismatch
  (compiling source file '../../../src/autofit/autofit.c')
  
D:\sourcesdk\pathos-publicMythicLegendInteractive\pathos\sources\codesrc\libs\freetype\src\autofit\aflatin.c(604,1): warning C4701: potentially uninitialized local variable 'p_first' used
D:\sourcesdk\pathos-publicMythicLegendInteractive\pathos\sources\codesrc\libs\freetype\src\autofit\aflatin.c(653,1): warning C4701: potentially uninitialized local variable 'p_last' used
  freetype.vcxproj -> D:\sourcesdk\pathos-publicMythicLegendInteractive\pathos\sources\codesrc\x64\Release\freetype253.lib
