D:\sourcesdk\pathos-publicMythicLegendInteractive\pathos\sources\codesrc\libs\freetype\builds\windows\vc2010\x64\Release\autofit.obj
D:\sourcesdk\pathos-publicMythicLegendInteractive\pathos\sources\codesrc\libs\freetype\builds\windows\vc2010\x64\Release\bdf.obj
D:\sourcesdk\pathos-publicMythicLegendInteractive\pathos\sources\codesrc\libs\freetype\builds\windows\vc2010\x64\Release\cff.obj
D:\sourcesdk\pathos-publicMythicLegendInteractive\pathos\sources\codesrc\libs\freetype\builds\windows\vc2010\x64\Release\CL.22708.read.1.tlog
D:\sourcesdk\pathos-publicMythicLegendInteractive\pathos\sources\codesrc\libs\freetype\builds\windows\vc2010\x64\Release\CL.22708.write.1.tlog
D:\sourcesdk\pathos-publicMythicLegendInteractive\pathos\sources\codesrc\libs\freetype\builds\windows\vc2010\x64\Release\CL.22716.read.1.tlog
D:\sourcesdk\pathos-publicMythicLegendInteractive\pathos\sources\codesrc\libs\freetype\builds\windows\vc2010\x64\Release\CL.22716.write.1.tlog
D:\sourcesdk\pathos-publicMythicLegendInteractive\pathos\sources\codesrc\libs\freetype\builds\windows\vc2010\x64\Release\CL.22724.read.1.tlog
D:\sourcesdk\pathos-publicMythicLegendInteractive\pathos\sources\codesrc\libs\freetype\builds\windows\vc2010\x64\Release\CL.22724.write.1.tlog
D:\sourcesdk\pathos-publicMythicLegendInteractive\pathos\sources\codesrc\libs\freetype\builds\windows\vc2010\x64\Release\CL.22732.read.1.tlog
D:\sourcesdk\pathos-publicMythicLegendInteractive\pathos\sources\codesrc\libs\freetype\builds\windows\vc2010\x64\Release\CL.22732.write.1.tlog
D:\sourcesdk\pathos-publicMythicLegendInteractive\pathos\sources\codesrc\libs\freetype\builds\windows\vc2010\x64\Release\CL.22740.read.1.tlog
D:\sourcesdk\pathos-publicMythicLegendInteractive\pathos\sources\codesrc\libs\freetype\builds\windows\vc2010\x64\Release\CL.22740.write.1.tlog
D:\sourcesdk\pathos-publicMythicLegendInteractive\pathos\sources\codesrc\libs\freetype\builds\windows\vc2010\x64\Release\CL.22748.read.1.tlog
D:\sourcesdk\pathos-publicMythicLegendInteractive\pathos\sources\codesrc\libs\freetype\builds\windows\vc2010\x64\Release\CL.22748.write.1.tlog
D:\sourcesdk\pathos-publicMythicLegendInteractive\pathos\sources\codesrc\libs\freetype\builds\windows\vc2010\x64\Release\CL.22756.read.1.tlog
D:\sourcesdk\pathos-publicMythicLegendInteractive\pathos\sources\codesrc\libs\freetype\builds\windows\vc2010\x64\Release\CL.22756.write.1.tlog
D:\sourcesdk\pathos-publicMythicLegendInteractive\pathos\sources\codesrc\libs\freetype\builds\windows\vc2010\x64\Release\CL.22764.read.1.tlog
D:\sourcesdk\pathos-publicMythicLegendInteractive\pathos\sources\codesrc\libs\freetype\builds\windows\vc2010\x64\Release\CL.22764.write.1.tlog
D:\sourcesdk\pathos-publicMythicLegendInteractive\pathos\sources\codesrc\libs\freetype\builds\windows\vc2010\x64\Release\CL.22772.read.1.tlog
D:\sourcesdk\pathos-publicMythicLegendInteractive\pathos\sources\codesrc\libs\freetype\builds\windows\vc2010\x64\Release\CL.22772.write.1.tlog
D:\sourcesdk\pathos-publicMythicLegendInteractive\pathos\sources\codesrc\libs\freetype\builds\windows\vc2010\x64\Release\CL.22780.read.1.tlog
D:\sourcesdk\pathos-publicMythicLegendInteractive\pathos\sources\codesrc\libs\freetype\builds\windows\vc2010\x64\Release\CL.22780.write.1.tlog
D:\sourcesdk\pathos-publicMythicLegendInteractive\pathos\sources\codesrc\libs\freetype\builds\windows\vc2010\x64\Release\CL.22796.read.1.tlog
D:\sourcesdk\pathos-publicMythicLegendInteractive\pathos\sources\codesrc\libs\freetype\builds\windows\vc2010\x64\Release\CL.22796.write.1.tlog
D:\sourcesdk\pathos-publicMythicLegendInteractive\pathos\sources\codesrc\libs\freetype\builds\windows\vc2010\x64\Release\CL.22804.read.1.tlog
D:\sourcesdk\pathos-publicMythicLegendInteractive\pathos\sources\codesrc\libs\freetype\builds\windows\vc2010\x64\Release\CL.22804.write.1.tlog
D:\sourcesdk\pathos-publicMythicLegendInteractive\pathos\sources\codesrc\libs\freetype\builds\windows\vc2010\x64\Release\cl.command.1.tlog
D:\sourcesdk\pathos-publicMythicLegendInteractive\pathos\sources\codesrc\libs\freetype\builds\windows\vc2010\x64\Release\CL.read.1.tlog
D:\sourcesdk\pathos-publicMythicLegendInteractive\pathos\sources\codesrc\libs\freetype\builds\windows\vc2010\x64\Release\cl.write.1.tlog
D:\sourcesdk\pathos-publicMythicLegendInteractive\pathos\sources\codesrc\libs\freetype\builds\windows\vc2010\x64\Release\ftbase.obj
D:\sourcesdk\pathos-publicMythicLegendInteractive\pathos\sources\codesrc\libs\freetype\builds\windows\vc2010\x64\Release\ftbbox.obj
D:\sourcesdk\pathos-publicMythicLegendInteractive\pathos\sources\codesrc\libs\freetype\builds\windows\vc2010\x64\Release\ftbitmap.obj
D:\sourcesdk\pathos-publicMythicLegendInteractive\pathos\sources\codesrc\libs\freetype\builds\windows\vc2010\x64\Release\ftcache.obj
D:\sourcesdk\pathos-publicMythicLegendInteractive\pathos\sources\codesrc\libs\freetype\builds\windows\vc2010\x64\Release\ftdebug.obj
D:\sourcesdk\pathos-publicMythicLegendInteractive\pathos\sources\codesrc\libs\freetype\builds\windows\vc2010\x64\Release\ftfstype.obj
D:\sourcesdk\pathos-publicMythicLegendInteractive\pathos\sources\codesrc\libs\freetype\builds\windows\vc2010\x64\Release\ftgasp.obj
D:\sourcesdk\pathos-publicMythicLegendInteractive\pathos\sources\codesrc\libs\freetype\builds\windows\vc2010\x64\Release\ftglyph.obj
D:\sourcesdk\pathos-publicMythicLegendInteractive\pathos\sources\codesrc\libs\freetype\builds\windows\vc2010\x64\Release\ftgxval.obj
D:\sourcesdk\pathos-publicMythicLegendInteractive\pathos\sources\codesrc\libs\freetype\builds\windows\vc2010\x64\Release\ftgzip.obj
D:\sourcesdk\pathos-publicMythicLegendInteractive\pathos\sources\codesrc\libs\freetype\builds\windows\vc2010\x64\Release\ftinit.obj
D:\sourcesdk\pathos-publicMythicLegendInteractive\pathos\sources\codesrc\libs\freetype\builds\windows\vc2010\x64\Release\ftlcdfil.obj
D:\sourcesdk\pathos-publicMythicLegendInteractive\pathos\sources\codesrc\libs\freetype\builds\windows\vc2010\x64\Release\ftlzw.obj
D:\sourcesdk\pathos-publicMythicLegendInteractive\pathos\sources\codesrc\libs\freetype\builds\windows\vc2010\x64\Release\ftmm.obj
D:\sourcesdk\pathos-publicMythicLegendInteractive\pathos\sources\codesrc\libs\freetype\builds\windows\vc2010\x64\Release\ftotval.obj
D:\sourcesdk\pathos-publicMythicLegendInteractive\pathos\sources\codesrc\libs\freetype\builds\windows\vc2010\x64\Release\ftpatent.obj
D:\sourcesdk\pathos-publicMythicLegendInteractive\pathos\sources\codesrc\libs\freetype\builds\windows\vc2010\x64\Release\ftpfr.obj
D:\sourcesdk\pathos-publicMythicLegendInteractive\pathos\sources\codesrc\libs\freetype\builds\windows\vc2010\x64\Release\ftstroke.obj
D:\sourcesdk\pathos-publicMythicLegendInteractive\pathos\sources\codesrc\libs\freetype\builds\windows\vc2010\x64\Release\ftsynth.obj
D:\sourcesdk\pathos-publicMythicLegendInteractive\pathos\sources\codesrc\libs\freetype\builds\windows\vc2010\x64\Release\ftsystem.obj
D:\sourcesdk\pathos-publicMythicLegendInteractive\pathos\sources\codesrc\libs\freetype\builds\windows\vc2010\x64\Release\fttype1.obj
D:\sourcesdk\pathos-publicMythicLegendInteractive\pathos\sources\codesrc\libs\freetype\builds\windows\vc2010\x64\Release\ftwinfnt.obj
D:\sourcesdk\pathos-publicMythicLegendInteractive\pathos\sources\codesrc\libs\freetype\builds\windows\vc2010\x64\Release\ftxf86.obj
D:\sourcesdk\pathos-publicMythicLegendInteractive\pathos\sources\codesrc\libs\freetype\builds\windows\vc2010\x64\Release\lib.command.1.tlog
D:\sourcesdk\pathos-publicMythicLegendInteractive\pathos\sources\codesrc\libs\freetype\builds\windows\vc2010\x64\Release\Lib-link.read.1.tlog
D:\sourcesdk\pathos-publicMythicLegendInteractive\pathos\sources\codesrc\libs\freetype\builds\windows\vc2010\x64\Release\Lib-link.write.1.tlog
D:\sourcesdk\pathos-publicMythicLegendInteractive\pathos\sources\codesrc\libs\freetype\builds\windows\vc2010\x64\Release\pcf.obj
D:\sourcesdk\pathos-publicMythicLegendInteractive\pathos\sources\codesrc\libs\freetype\builds\windows\vc2010\x64\Release\pfr.obj
D:\sourcesdk\pathos-publicMythicLegendInteractive\pathos\sources\codesrc\libs\freetype\builds\windows\vc2010\x64\Release\psaux.obj
D:\sourcesdk\pathos-publicMythicLegendInteractive\pathos\sources\codesrc\libs\freetype\builds\windows\vc2010\x64\Release\pshinter.obj
D:\sourcesdk\pathos-publicMythicLegendInteractive\pathos\sources\codesrc\libs\freetype\builds\windows\vc2010\x64\Release\psmodule.obj
D:\sourcesdk\pathos-publicMythicLegendInteractive\pathos\sources\codesrc\libs\freetype\builds\windows\vc2010\x64\Release\raster.obj
D:\sourcesdk\pathos-publicMythicLegendInteractive\pathos\sources\codesrc\libs\freetype\builds\windows\vc2010\x64\Release\sfnt.obj
D:\sourcesdk\pathos-publicMythicLegendInteractive\pathos\sources\codesrc\libs\freetype\builds\windows\vc2010\x64\Release\smooth.obj
D:\sourcesdk\pathos-publicMythicLegendInteractive\pathos\sources\codesrc\libs\freetype\builds\windows\vc2010\x64\Release\truetype.obj
D:\sourcesdk\pathos-publicMythicLegendInteractive\pathos\sources\codesrc\libs\freetype\builds\windows\vc2010\x64\Release\type1.obj
D:\sourcesdk\pathos-publicMythicLegendInteractive\pathos\sources\codesrc\libs\freetype\builds\windows\vc2010\x64\Release\type1cid.obj
D:\sourcesdk\pathos-publicMythicLegendInteractive\pathos\sources\codesrc\libs\freetype\builds\windows\vc2010\x64\Release\type42.obj
D:\sourcesdk\pathos-publicMythicLegendInteractive\pathos\sources\codesrc\libs\freetype\builds\windows\vc2010\x64\Release\winfnt.obj
D:\SOURCESDK\PATHOS-PUBLICMYTHICLEGENDINTERACTIVE\PATHOS\SOURCES\CODESRC\X64\RELEASE\FREETYPE253.LIB
